<?xml version="1.0" encoding="UTF-8"?>
<testsuite xmlns:xsi="http://www.w3.org/2001/XMLSchema-instance" xsi:noNamespaceSchemaLocation="https://maven.apache.org/surefire/maven-surefire-plugin/xsd/surefire-test-report.xsd" name="icici.TestModule" time="8.834" tests="1" errors="0" skipped="0" failures="0">
  <properties>
    <property name="sun.desktop" value="windows"/>
    <property name="awt.toolkit" value="sun.awt.windows.WToolkit"/>
    <property name="file.encoding.pkg" value="sun.io"/>
    <property name="java.specification.version" value="1.8"/>
    <property name="sun.cpu.isalist" value="amd64"/>
    <property name="sun.jnu.encoding" value="Cp1252"/>
    <property name="java.class.path" value="E:\projects\icici\credit-card1\target\test-classes;E:\projects\icici\credit-card1\target\classes;C:\Users\Dell\.m2\repository\org\orienteer\orienteer-core\1.4\orienteer-core-1.4.jar;C:\Users\Dell\.m2\repository\ru\ydn\wicket\wicket-orientdb\wicket-orientdb\1.4\wicket-orientdb-1.4.jar;C:\Users\Dell\.m2\repository\org\apache\wicket\wicket-core\8.3.0\wicket-core-8.3.0.jar;C:\Users\Dell\.m2\repository\com\github\openjson\openjson\1.0.8\openjson-1.0.8.jar;C:\Users\Dell\.m2\repository\org\apache\wicket\wicket-request\8.3.0\wicket-request-8.3.0.jar;C:\Users\Dell\.m2\repository\org\apache\wicket\wicket-util\8.3.0\wicket-util-8.3.0.jar;C:\Users\Dell\.m2\repository\commons-fileupload\commons-fileupload\1.4\commons-fileupload-1.4.jar;C:\Users\Dell\.m2\repository\commons-io\commons-io\2.5\commons-io-2.5.jar;C:\Users\Dell\.m2\repository\org\apache\commons\commons-collections4\4.2\commons-collections4-4.2.jar;C:\Users\Dell\.m2\repository\org\danekja\jdk-serializable-functional\1.8.3\jdk-serializable-functional-1.8.3.jar;C:\Users\Dell\.m2\repository\org\slf4j\slf4j-api\1.7.25\slf4j-api-1.7.25.jar;C:\Users\Dell\.m2\repository\org\apache\wicket\wicket-extensions\8.3.0\wicket-extensions-8.3.0.jar;C:\Users\Dell\.m2\repository\org\apache\wicket\wicket-guice\8.3.0\wicket-guice-8.3.0.jar;C:\Users\Dell\.m2\repository\org\apache\wicket\wicket-ioc\8.3.0\wicket-ioc-8.3.0.jar;C:\Users\Dell\.m2\repository\cglib\cglib\3.2.10\cglib-3.2.10.jar;C:\Users\Dell\.m2\repository\org\apache\ant\ant\1.10.3\ant-1.10.3.jar;C:\Users\Dell\.m2\repository\org\apache\ant\ant-launcher\1.10.3\ant-launcher-1.10.3.jar;C:\Users\Dell\.m2\repository\org\ow2\asm\asm-util\7.0\asm-util-7.0.jar;C:\Users\Dell\.m2\repository\org\ow2\asm\asm\7.0\asm-7.0.jar;C:\Users\Dell\.m2\repository\org\ow2\asm\asm-tree\7.0\asm-tree-7.0.jar;C:\Users\Dell\.m2\repository\org\ow2\asm\asm-analysis\7.0\asm-analysis-7.0.jar;C:\Users\Dell\.m2\repository\org\wicketstuff\wicketstuff-select2\8.3.0\wicketstuff-select2-8.3.0.jar;C:\Users\Dell\.m2\repository\com\orientechnologies\orientdb-core\2.2.37\orientdb-core-2.2.37.jar;C:\Users\Dell\.m2\repository\org\xerial\snappy\snappy-java\1.1.0.1\snappy-java-1.1.0.1.jar;C:\Users\Dell\.m2\repository\net\java\dev\jna\jna\4.5.0\jna-4.5.0.jar;C:\Users\Dell\.m2\repository\net\java\dev\jna\jna-platform\4.5.0\jna-platform-4.5.0.jar;C:\Users\Dell\.m2\repository\com\googlecode\concurrentlinkedhashmap\concurrentlinkedhashmap-lru\1.4.2\concurrentlinkedhashmap-lru-1.4.2.jar;C:\Users\Dell\.m2\repository\com\orientechnologies\orientdb-server\2.2.37\orientdb-server-2.2.37.jar;C:\Users\Dell\.m2\repository\com\orientechnologies\orientdb-tools\2.2.37\orientdb-tools-2.2.37.jar;C:\Users\Dell\.m2\repository\com\fasterxml\jackson\core\jackson-databind\2.6.0\jackson-databind-2.6.0.jar;C:\Users\Dell\.m2\repository\com\fasterxml\jackson\core\jackson-annotations\2.6.0\jackson-annotations-2.6.0.jar;C:\Users\Dell\.m2\repository\com\fasterxml\jackson\core\jackson-core\2.6.0\jackson-core-2.6.0.jar;C:\Users\Dell\.m2\repository\javax\mail\mail\1.4.7\mail-1.4.7.jar;C:\Users\Dell\.m2\repository\javax\activation\activation\1.1\activation-1.1.jar;C:\Users\Dell\.m2\repository\com\sun\xml\bind\jaxb-impl\2.2.3\jaxb-impl-2.2.3.jar;C:\Users\Dell\.m2\repository\javax\xml\bind\jaxb-api\2.2.2\jaxb-api-2.2.2.jar;C:\Users\Dell\.m2\repository\javax\xml\stream\stax-api\1.0-2\stax-api-1.0-2.jar;C:\Users\Dell\.m2\repository\com\orientechnologies\orientdb-client\2.2.37\orientdb-client-2.2.37.jar;C:\Users\Dell\.m2\repository\com\google\inject\guice\4.2.0\guice-4.2.0.jar;C:\Users\Dell\.m2\repository\javax\inject\javax.inject\1\javax.inject-1.jar;C:\Users\Dell\.m2\repository\aopalliance\aopalliance\1.0\aopalliance-1.0.jar;C:\Users\Dell\.m2\repository\com\google\inject\extensions\guice-servlet\4.2.0\guice-servlet-4.2.0.jar;C:\Users\Dell\.m2\repository\org\apache\tika\tika-core\1.20\tika-core-1.20.jar;C:\Users\Dell\.m2\repository\org\reflections\reflections\0.9.10\reflections-0.9.10.jar;C:\Users\Dell\.m2\repository\org\javassist\javassist\3.19.0-GA\javassist-3.19.0-GA.jar;C:\Users\Dell\.m2\repository\com\google\code\findbugs\annotations\2.0.1\annotations-2.0.1.jar;C:\Users\Dell\.m2\repository\de\agilecoders\wicket\webjars\wicket-webjars\0.5.6\wicket-webjars-0.5.6.jar;C:\Users\Dell\.m2\repository\org\webjars\font-awesome\4.7.0\font-awesome-4.7.0.jar;C:\Users\Dell\.m2\repository\org\webjars\bootstrap\4.0.0\bootstrap-4.0.0.jar;C:\Users\Dell\.m2\repository\org\webjars\npm\popper.js\1.11.1\popper.js-1.11.1.jar;C:\Users\Dell\.m2\repository\org\webjars\bootstrap-datepicker\1.6.4\bootstrap-datepicker-1.6.4.jar;C:\Users\Dell\.m2\repository\org\webjars\gridster.js\0.5.6\gridster.js-0.5.6.jar;C:\Users\Dell\.m2\repository\org\webjars\jquery-ui\1.12.1\jquery-ui-1.12.1.jar;C:\Users\Dell\.m2\repository\org\webjars\jquery\3.3.1\jquery-3.3.1.jar;C:\Users\Dell\.m2\repository\org\webjars\tether\1.4.0\tether-1.4.0.jar;C:\Users\Dell\.m2\repository\org\webjars\pace\1.0.2\pace-1.0.2.jar;C:\Users\Dell\.m2\repository\org\webjars\bower\simple-line-icons\2.4.1\simple-line-icons-2.4.1.jar;C:\Users\Dell\.m2\repository\org\webjars\npm\coreui__ajax\1.0.6\coreui__ajax-1.0.6.jar;C:\Users\Dell\.m2\repository\org\webjars\npm\codemirror\5.27.4\codemirror-5.27.4.jar;C:\Users\Dell\.m2\repository\com\vladsch\flexmark\flexmark-all\0.40.16\flexmark-all-0.40.16.jar;C:\Users\Dell\.m2\repository\com\vladsch\flexmark\flexmark\0.40.16\flexmark-0.40.16.jar;C:\Users\Dell\.m2\repository\com\vladsch\flexmark\flexmark-ext-abbreviation\0.40.16\flexmark-ext-abbreviation-0.40.16.jar;C:\Users\Dell\.m2\repository\com\vladsch\flexmark\flexmark-ext-admonition\0.40.16\flexmark-ext-admonition-0.40.16.jar;C:\Users\Dell\.m2\repository\com\vladsch\flexmark\flexmark-ext-anchorlink\0.40.16\flexmark-ext-anchorlink-0.40.16.jar;C:\Users\Dell\.m2\repository\com\vladsch\flexmark\flexmark-ext-aside\0.40.16\flexmark-ext-aside-0.40.16.jar;C:\Users\Dell\.m2\repository\com\vladsch\flexmark\flexmark-ext-attributes\0.40.16\flexmark-ext-attributes-0.40.16.jar;C:\Users\Dell\.m2\repository\com\vladsch\flexmark\flexmark-ext-autolink\0.40.16\flexmark-ext-autolink-0.40.16.jar;C:\Users\Dell\.m2\repository\org\nibor\autolink\autolink\0.6.0\autolink-0.6.0.jar;C:\Users\Dell\.m2\repository\com\vladsch\flexmark\flexmark-ext-definition\0.40.16\flexmark-ext-definition-0.40.16.jar;C:\Users\Dell\.m2\repository\com\vladsch\flexmark\flexmark-ext-emoji\0.40.16\flexmark-ext-emoji-0.40.16.jar;C:\Users\Dell\.m2\repository\com\vladsch\flexmark\flexmark-ext-enumerated-reference\0.40.16\flexmark-ext-enumerated-reference-0.40.16.jar;C:\Users\Dell\.m2\repository\com\vladsch\flexmark\flexmark-ext-escaped-character\0.40.16\flexmark-ext-escaped-character-0.40.16.jar;C:\Users\Dell\.m2\repository\com\vladsch\flexmark\flexmark-ext-footnotes\0.40.16\flexmark-ext-footnotes-0.40.16.jar;C:\Users\Dell\.m2\repository\com\vladsch\flexmark\flexmark-ext-gfm-issues\0.40.16\flexmark-ext-gfm-issues-0.40.16.jar;C:\Users\Dell\.m2\repository\com\vladsch\flexmark\flexmark-ext-gfm-strikethrough\0.40.16\flexmark-ext-gfm-strikethrough-0.40.16.jar;C:\Users\Dell\.m2\repository\com\vladsch\flexmark\flexmark-ext-gfm-tables\0.40.16\flexmark-ext-gfm-tables-0.40.16.jar;C:\Users\Dell\.m2\repository\com\vladsch\flexmark\flexmark-ext-gfm-tasklist\0.40.16\flexmark-ext-gfm-tasklist-0.40.16.jar;C:\Users\Dell\.m2\repository\com\vladsch\flexmark\flexmark-ext-gfm-users\0.40.16\flexmark-ext-gfm-users-0.40.16.jar;C:\Users\Dell\.m2\repository\com\vladsch\flexmark\flexmark-ext-gitlab\0.40.16\flexmark-ext-gitlab-0.40.16.jar;C:\Users\Dell\.m2\repository\com\vladsch\flexmark\flexmark-ext-jekyll-front-matter\0.40.16\flexmark-ext-jekyll-front-matter-0.40.16.jar;C:\Users\Dell\.m2\repository\com\vladsch\flexmark\flexmark-ext-jekyll-tag\0.40.16\flexmark-ext-jekyll-tag-0.40.16.jar;C:\Users\Dell\.m2\repository\com\vladsch\flexmark\flexmark-ext-media-tags\0.40.16\flexmark-ext-media-tags-0.40.16.jar;C:\Users\Dell\.m2\repository\com\vladsch\flexmark\flexmark-ext-macros\0.40.16\flexmark-ext-macros-0.40.16.jar;C:\Users\Dell\.m2\repository\com\vladsch\flexmark\flexmark-ext-ins\0.40.16\flexmark-ext-ins-0.40.16.jar;C:\Users\Dell\.m2\repository\com\vladsch\flexmark\flexmark-ext-xwiki-macros\0.40.16\flexmark-ext-xwiki-macros-0.40.16.jar;C:\Users\Dell\.m2\repository\com\vladsch\flexmark\flexmark-ext-superscript\0.40.16\flexmark-ext-superscript-0.40.16.jar;C:\Users\Dell\.m2\repository\com\vladsch\flexmark\flexmark-ext-tables\0.40.16\flexmark-ext-tables-0.40.16.jar;C:\Users\Dell\.m2\repository\com\vladsch\flexmark\flexmark-ext-toc\0.40.16\flexmark-ext-toc-0.40.16.jar;C:\Users\Dell\.m2\repository\com\vladsch\flexmark\flexmark-ext-typographic\0.40.16\flexmark-ext-typographic-0.40.16.jar;C:\Users\Dell\.m2\repository\com\vladsch\flexmark\flexmark-ext-wikilink\0.40.16\flexmark-ext-wikilink-0.40.16.jar;C:\Users\Dell\.m2\repository\com\vladsch\flexmark\flexmark-ext-yaml-front-matter\0.40.16\flexmark-ext-yaml-front-matter-0.40.16.jar;C:\Users\Dell\.m2\repository\com\vladsch\flexmark\flexmark-ext-youtube-embedded\0.40.16\flexmark-ext-youtube-embedded-0.40.16.jar;C:\Users\Dell\.m2\repository\com\vladsch\flexmark\flexmark-formatter\0.40.16\flexmark-formatter-0.40.16.jar;C:\Users\Dell\.m2\repository\com\vladsch\flexmark\flexmark-html-parser\0.40.16\flexmark-html-parser-0.40.16.jar;C:\Users\Dell\.m2\repository\org\jsoup\jsoup\1.10.2\jsoup-1.10.2.jar;C:\Users\Dell\.m2\repository\com\vladsch\flexmark\flexmark-jira-converter\0.40.16\flexmark-jira-converter-0.40.16.jar;C:\Users\Dell\.m2\repository\com\vladsch\flexmark\flexmark-pdf-converter\0.40.16\flexmark-pdf-converter-0.40.16.jar;C:\Users\Dell\.m2\repository\com\openhtmltopdf\openhtmltopdf-core\0.0.1-RC13\openhtmltopdf-core-0.0.1-RC13.jar;C:\Users\Dell\.m2\repository\com\openhtmltopdf\openhtmltopdf-pdfbox\0.0.1-RC13\openhtmltopdf-pdfbox-0.0.1-RC13.jar;C:\Users\Dell\.m2\repository\org\apache\pdfbox\pdfbox\2.0.8\pdfbox-2.0.8.jar;C:\Users\Dell\.m2\repository\org\apache\pdfbox\fontbox\2.0.8\fontbox-2.0.8.jar;C:\Users\Dell\.m2\repository\org\apache\pdfbox\xmpbox\2.0.8\xmpbox-2.0.8.jar;C:\Users\Dell\.m2\repository\de\rototor\pdfbox\graphics2d\0.12\graphics2d-0.12.jar;C:\Users\Dell\.m2\repository\com\openhtmltopdf\openhtmltopdf-rtl-support\0.0.1-RC13\openhtmltopdf-rtl-support-0.0.1-RC13.jar;C:\Users\Dell\.m2\repository\com\ibm\icu\icu4j\59.1\icu4j-59.1.jar;C:\Users\Dell\.m2\repository\com\openhtmltopdf\openhtmltopdf-jsoup-dom-converter\0.0.1-RC13\openhtmltopdf-jsoup-dom-converter-0.0.1-RC13.jar;C:\Users\Dell\.m2\repository\com\vladsch\flexmark\flexmark-profile-pegdown\0.40.16\flexmark-profile-pegdown-0.40.16.jar;C:\Users\Dell\.m2\repository\com\vladsch\flexmark\flexmark-util\0.40.16\flexmark-util-0.40.16.jar;C:\Users\Dell\.m2\repository\com\vladsch\flexmark\flexmark-youtrack-converter\0.40.16\flexmark-youtrack-converter-0.40.16.jar;C:\Users\Dell\.m2\repository\org\apache\maven\maven-aether-provider\3.3.9\maven-aether-provider-3.3.9.jar;C:\Users\Dell\.m2\repository\org\apache\maven\maven-model\3.3.9\maven-model-3.3.9.jar;C:\Users\Dell\.m2\repository\org\apache\maven\maven-model-builder\3.3.9\maven-model-builder-3.3.9.jar;C:\Users\Dell\.m2\repository\org\codehaus\plexus\plexus-interpolation\1.21\plexus-interpolation-1.21.jar;C:\Users\Dell\.m2\repository\org\apache\maven\maven-artifact\3.3.9\maven-artifact-3.3.9.jar;C:\Users\Dell\.m2\repository\org\apache\maven\maven-builder-support\3.3.9\maven-builder-support-3.3.9.jar;C:\Users\Dell\.m2\repository\org\apache\maven\maven-repository-metadata\3.3.9\maven-repository-metadata-3.3.9.jar;C:\Users\Dell\.m2\repository\org\codehaus\plexus\plexus-component-annotations\1.6\plexus-component-annotations-1.6.jar;C:\Users\Dell\.m2\repository\org\apache\commons\commons-lang3\3.4\commons-lang3-3.4.jar;C:\Users\Dell\.m2\repository\org\codehaus\plexus\plexus-component-api\1.0-alpha-33\plexus-component-api-1.0-alpha-33.jar;C:\Users\Dell\.m2\repository\org\codehaus\plexus\plexus-classworlds\1.2-alpha-10\plexus-classworlds-1.2-alpha-10.jar;C:\Users\Dell\.m2\repository\org\eclipse\aether\aether-api\1.1.0\aether-api-1.1.0.jar;C:\Users\Dell\.m2\repository\org\eclipse\aether\aether-connector-basic\1.1.0\aether-connector-basic-1.1.0.jar;C:\Users\Dell\.m2\repository\org\eclipse\aether\aether-impl\1.1.0\aether-impl-1.1.0.jar;C:\Users\Dell\.m2\repository\org\eclipse\aether\aether-spi\1.1.0\aether-spi-1.1.0.jar;C:\Users\Dell\.m2\repository\org\eclipse\aether\aether-transport-file\1.1.0\aether-transport-file-1.1.0.jar;C:\Users\Dell\.m2\repository\org\eclipse\aether\aether-util\1.1.0\aether-util-1.1.0.jar;C:\Users\Dell\.m2\repository\org\eclipse\aether\aether-transport-http\1.1.0\aether-transport-http-1.1.0.jar;C:\Users\Dell\.m2\repository\org\slf4j\jcl-over-slf4j\1.6.2\jcl-over-slf4j-1.6.2.jar;C:\Users\Dell\.m2\repository\org\codehaus\plexus\plexus-utils\3.0.24\plexus-utils-3.0.24.jar;C:\Users\Dell\.m2\repository\org\apache\httpcomponents\httpclient\4.5.4\httpclient-4.5.4.jar;C:\Users\Dell\.m2\repository\org\apache\httpcomponents\httpcore\4.4.7\httpcore-4.4.7.jar;C:\Users\Dell\.m2\repository\commons-logging\commons-logging\1.2\commons-logging-1.2.jar;C:\Users\Dell\.m2\repository\commons-codec\commons-codec\1.10\commons-codec-1.10.jar;C:\Users\Dell\.m2\repository\org\slf4j\slf4j-log4j12\1.7.25\slf4j-log4j12-1.7.25.jar;C:\Users\Dell\.m2\repository\log4j\log4j\1.2.17\log4j-1.2.17.jar;C:\Users\Dell\.m2\repository\com\github\raymanrt\orientqb\0.2.0\orientqb-0.2.0.jar;C:\Users\Dell\.m2\repository\org\orienteer\orienteer-core\1.4\orienteer-core-1.4-tests.jar;C:\Users\Dell\.m2\repository\ru\ydn\wicket\wicket-orientdb\wicket-orientdb\1.4\wicket-orientdb-1.4-tests.jar;C:\Users\Dell\.m2\repository\org\apache\wicket\wicket-auth-roles\8.3.0\wicket-auth-roles-8.3.0.jar;C:\Users\Dell\.m2\repository\com\google\guava\guava\24.1-jre\guava-24.1-jre.jar;C:\Users\Dell\.m2\repository\com\google\code\findbugs\jsr305\1.3.9\jsr305-1.3.9.jar;C:\Users\Dell\.m2\repository\org\checkerframework\checker-compat-qual\2.0.0\checker-compat-qual-2.0.0.jar;C:\Users\Dell\.m2\repository\com\google\errorprone\error_prone_annotations\2.1.3\error_prone_annotations-2.1.3.jar;C:\Users\Dell\.m2\repository\com\google\j2objc\j2objc-annotations\1.1\j2objc-annotations-1.1.jar;C:\Users\Dell\.m2\repository\org\codehaus\mojo\animal-sniffer-annotations\1.14\animal-sniffer-annotations-1.14.jar;C:\Users\Dell\.m2\repository\junit\junit\4.11\junit-4.11.jar;C:\Users\Dell\.m2\repository\org\hamcrest\hamcrest-core\1.3\hamcrest-core-1.3.jar;C:\Users\Dell\.m2\repository\javax\servlet\javax.servlet-api\3.0.1\javax.servlet-api-3.0.1.jar;"/>
    <property name="java.vm.vendor" value="Oracle Corporation"/>
    <property name="sun.arch.data.model" value="64"/>
    <property name="user.variant" value=""/>
    <property name="java.vendor.url" value="http://java.oracle.com/"/>
    <property name="user.timezone" value="Asia/Calcutta"/>
    <property name="java.vm.specification.version" value="1.8"/>
    <property name="os.name" value="Windows 10"/>
    <property name="user.country" value="US"/>
    <property name="sun.java.launcher" value="SUN_STANDARD"/>
    <property name="sun.boot.library.path" value="C:\Program Files\Java\jdk1.8.0_321\jre\bin"/>
    <property name="sun.java.command" value="C:\Users\Dell\AppData\Local\Temp\surefire5822794780201359667\surefirebooter1477724958729424759.jar C:\Users\Dell\AppData\Local\Temp\surefire5822794780201359667 2022-03-21T19-55-02_471-jvmRun1 surefire8713084560765433051tmp surefire_05588635053551873747tmp"/>
    <property name="surefire.test.class.path" value="E:\projects\icici\credit-card1\target\test-classes;E:\projects\icici\credit-card1\target\classes;C:\Users\Dell\.m2\repository\org\orienteer\orienteer-core\1.4\orienteer-core-1.4.jar;C:\Users\Dell\.m2\repository\ru\ydn\wicket\wicket-orientdb\wicket-orientdb\1.4\wicket-orientdb-1.4.jar;C:\Users\Dell\.m2\repository\org\apache\wicket\wicket-core\8.3.0\wicket-core-8.3.0.jar;C:\Users\Dell\.m2\repository\com\github\openjson\openjson\1.0.8\openjson-1.0.8.jar;C:\Users\Dell\.m2\repository\org\apache\wicket\wicket-request\8.3.0\wicket-request-8.3.0.jar;C:\Users\Dell\.m2\repository\org\apache\wicket\wicket-util\8.3.0\wicket-util-8.3.0.jar;C:\Users\Dell\.m2\repository\commons-fileupload\commons-fileupload\1.4\commons-fileupload-1.4.jar;C:\Users\Dell\.m2\repository\commons-io\commons-io\2.5\commons-io-2.5.jar;C:\Users\Dell\.m2\repository\org\apache\commons\commons-collections4\4.2\commons-collections4-4.2.jar;C:\Users\Dell\.m2\repository\org\danekja\jdk-serializable-functional\1.8.3\jdk-serializable-functional-1.8.3.jar;C:\Users\Dell\.m2\repository\org\slf4j\slf4j-api\1.7.25\slf4j-api-1.7.25.jar;C:\Users\Dell\.m2\repository\org\apache\wicket\wicket-extensions\8.3.0\wicket-extensions-8.3.0.jar;C:\Users\Dell\.m2\repository\org\apache\wicket\wicket-guice\8.3.0\wicket-guice-8.3.0.jar;C:\Users\Dell\.m2\repository\org\apache\wicket\wicket-ioc\8.3.0\wicket-ioc-8.3.0.jar;C:\Users\Dell\.m2\repository\cglib\cglib\3.2.10\cglib-3.2.10.jar;C:\Users\Dell\.m2\repository\org\apache\ant\ant\1.10.3\ant-1.10.3.jar;C:\Users\Dell\.m2\repository\org\apache\ant\ant-launcher\1.10.3\ant-launcher-1.10.3.jar;C:\Users\Dell\.m2\repository\org\ow2\asm\asm-util\7.0\asm-util-7.0.jar;C:\Users\Dell\.m2\repository\org\ow2\asm\asm\7.0\asm-7.0.jar;C:\Users\Dell\.m2\repository\org\ow2\asm\asm-tree\7.0\asm-tree-7.0.jar;C:\Users\Dell\.m2\repository\org\ow2\asm\asm-analysis\7.0\asm-analysis-7.0.jar;C:\Users\Dell\.m2\repository\org\wicketstuff\wicketstuff-select2\8.3.0\wicketstuff-select2-8.3.0.jar;C:\Users\Dell\.m2\repository\com\orientechnologies\orientdb-core\2.2.37\orientdb-core-2.2.37.jar;C:\Users\Dell\.m2\repository\org\xerial\snappy\snappy-java\1.1.0.1\snappy-java-1.1.0.1.jar;C:\Users\Dell\.m2\repository\net\java\dev\jna\jna\4.5.0\jna-4.5.0.jar;C:\Users\Dell\.m2\repository\net\java\dev\jna\jna-platform\4.5.0\jna-platform-4.5.0.jar;C:\Users\Dell\.m2\repository\com\googlecode\concurrentlinkedhashmap\concurrentlinkedhashmap-lru\1.4.2\concurrentlinkedhashmap-lru-1.4.2.jar;C:\Users\Dell\.m2\repository\com\orientechnologies\orientdb-server\2.2.37\orientdb-server-2.2.37.jar;C:\Users\Dell\.m2\repository\com\orientechnologies\orientdb-tools\2.2.37\orientdb-tools-2.2.37.jar;C:\Users\Dell\.m2\repository\com\fasterxml\jackson\core\jackson-databind\2.6.0\jackson-databind-2.6.0.jar;C:\Users\Dell\.m2\repository\com\fasterxml\jackson\core\jackson-annotations\2.6.0\jackson-annotations-2.6.0.jar;C:\Users\Dell\.m2\repository\com\fasterxml\jackson\core\jackson-core\2.6.0\jackson-core-2.6.0.jar;C:\Users\Dell\.m2\repository\javax\mail\mail\1.4.7\mail-1.4.7.jar;C:\Users\Dell\.m2\repository\javax\activation\activation\1.1\activation-1.1.jar;C:\Users\Dell\.m2\repository\com\sun\xml\bind\jaxb-impl\2.2.3\jaxb-impl-2.2.3.jar;C:\Users\Dell\.m2\repository\javax\xml\bind\jaxb-api\2.2.2\jaxb-api-2.2.2.jar;C:\Users\Dell\.m2\repository\javax\xml\stream\stax-api\1.0-2\stax-api-1.0-2.jar;C:\Users\Dell\.m2\repository\com\orientechnologies\orientdb-client\2.2.37\orientdb-client-2.2.37.jar;C:\Users\Dell\.m2\repository\com\google\inject\guice\4.2.0\guice-4.2.0.jar;C:\Users\Dell\.m2\repository\javax\inject\javax.inject\1\javax.inject-1.jar;C:\Users\Dell\.m2\repository\aopalliance\aopalliance\1.0\aopalliance-1.0.jar;C:\Users\Dell\.m2\repository\com\google\inject\extensions\guice-servlet\4.2.0\guice-servlet-4.2.0.jar;C:\Users\Dell\.m2\repository\org\apache\tika\tika-core\1.20\tika-core-1.20.jar;C:\Users\Dell\.m2\repository\org\reflections\reflections\0.9.10\reflections-0.9.10.jar;C:\Users\Dell\.m2\repository\org\javassist\javassist\3.19.0-GA\javassist-3.19.0-GA.jar;C:\Users\Dell\.m2\repository\com\google\code\findbugs\annotations\2.0.1\annotations-2.0.1.jar;C:\Users\Dell\.m2\repository\de\agilecoders\wicket\webjars\wicket-webjars\0.5.6\wicket-webjars-0.5.6.jar;C:\Users\Dell\.m2\repository\org\webjars\font-awesome\4.7.0\font-awesome-4.7.0.jar;C:\Users\Dell\.m2\repository\org\webjars\bootstrap\4.0.0\bootstrap-4.0.0.jar;C:\Users\Dell\.m2\repository\org\webjars\npm\popper.js\1.11.1\popper.js-1.11.1.jar;C:\Users\Dell\.m2\repository\org\webjars\bootstrap-datepicker\1.6.4\bootstrap-datepicker-1.6.4.jar;C:\Users\Dell\.m2\repository\org\webjars\gridster.js\0.5.6\gridster.js-0.5.6.jar;C:\Users\Dell\.m2\repository\org\webjars\jquery-ui\1.12.1\jquery-ui-1.12.1.jar;C:\Users\Dell\.m2\repository\org\webjars\jquery\3.3.1\jquery-3.3.1.jar;C:\Users\Dell\.m2\repository\org\webjars\tether\1.4.0\tether-1.4.0.jar;C:\Users\Dell\.m2\repository\org\webjars\pace\1.0.2\pace-1.0.2.jar;C:\Users\Dell\.m2\repository\org\webjars\bower\simple-line-icons\2.4.1\simple-line-icons-2.4.1.jar;C:\Users\Dell\.m2\repository\org\webjars\npm\coreui__ajax\1.0.6\coreui__ajax-1.0.6.jar;C:\Users\Dell\.m2\repository\org\webjars\npm\codemirror\5.27.4\codemirror-5.27.4.jar;C:\Users\Dell\.m2\repository\com\vladsch\flexmark\flexmark-all\0.40.16\flexmark-all-0.40.16.jar;C:\Users\Dell\.m2\repository\com\vladsch\flexmark\flexmark\0.40.16\flexmark-0.40.16.jar;C:\Users\Dell\.m2\repository\com\vladsch\flexmark\flexmark-ext-abbreviation\0.40.16\flexmark-ext-abbreviation-0.40.16.jar;C:\Users\Dell\.m2\repository\com\vladsch\flexmark\flexmark-ext-admonition\0.40.16\flexmark-ext-admonition-0.40.16.jar;C:\Users\Dell\.m2\repository\com\vladsch\flexmark\flexmark-ext-anchorlink\0.40.16\flexmark-ext-anchorlink-0.40.16.jar;C:\Users\Dell\.m2\repository\com\vladsch\flexmark\flexmark-ext-aside\0.40.16\flexmark-ext-aside-0.40.16.jar;C:\Users\Dell\.m2\repository\com\vladsch\flexmark\flexmark-ext-attributes\0.40.16\flexmark-ext-attributes-0.40.16.jar;C:\Users\Dell\.m2\repository\com\vladsch\flexmark\flexmark-ext-autolink\0.40.16\flexmark-ext-autolink-0.40.16.jar;C:\Users\Dell\.m2\repository\org\nibor\autolink\autolink\0.6.0\autolink-0.6.0.jar;C:\Users\Dell\.m2\repository\com\vladsch\flexmark\flexmark-ext-definition\0.40.16\flexmark-ext-definition-0.40.16.jar;C:\Users\Dell\.m2\repository\com\vladsch\flexmark\flexmark-ext-emoji\0.40.16\flexmark-ext-emoji-0.40.16.jar;C:\Users\Dell\.m2\repository\com\vladsch\flexmark\flexmark-ext-enumerated-reference\0.40.16\flexmark-ext-enumerated-reference-0.40.16.jar;C:\Users\Dell\.m2\repository\com\vladsch\flexmark\flexmark-ext-escaped-character\0.40.16\flexmark-ext-escaped-character-0.40.16.jar;C:\Users\Dell\.m2\repository\com\vladsch\flexmark\flexmark-ext-footnotes\0.40.16\flexmark-ext-footnotes-0.40.16.jar;C:\Users\Dell\.m2\repository\com\vladsch\flexmark\flexmark-ext-gfm-issues\0.40.16\flexmark-ext-gfm-issues-0.40.16.jar;C:\Users\Dell\.m2\repository\com\vladsch\flexmark\flexmark-ext-gfm-strikethrough\0.40.16\flexmark-ext-gfm-strikethrough-0.40.16.jar;C:\Users\Dell\.m2\repository\com\vladsch\flexmark\flexmark-ext-gfm-tables\0.40.16\flexmark-ext-gfm-tables-0.40.16.jar;C:\Users\Dell\.m2\repository\com\vladsch\flexmark\flexmark-ext-gfm-tasklist\0.40.16\flexmark-ext-gfm-tasklist-0.40.16.jar;C:\Users\Dell\.m2\repository\com\vladsch\flexmark\flexmark-ext-gfm-users\0.40.16\flexmark-ext-gfm-users-0.40.16.jar;C:\Users\Dell\.m2\repository\com\vladsch\flexmark\flexmark-ext-gitlab\0.40.16\flexmark-ext-gitlab-0.40.16.jar;C:\Users\Dell\.m2\repository\com\vladsch\flexmark\flexmark-ext-jekyll-front-matter\0.40.16\flexmark-ext-jekyll-front-matter-0.40.16.jar;C:\Users\Dell\.m2\repository\com\vladsch\flexmark\flexmark-ext-jekyll-tag\0.40.16\flexmark-ext-jekyll-tag-0.40.16.jar;C:\Users\Dell\.m2\repository\com\vladsch\flexmark\flexmark-ext-media-tags\0.40.16\flexmark-ext-media-tags-0.40.16.jar;C:\Users\Dell\.m2\repository\com\vladsch\flexmark\flexmark-ext-macros\0.40.16\flexmark-ext-macros-0.40.16.jar;C:\Users\Dell\.m2\repository\com\vladsch\flexmark\flexmark-ext-ins\0.40.16\flexmark-ext-ins-0.40.16.jar;C:\Users\Dell\.m2\repository\com\vladsch\flexmark\flexmark-ext-xwiki-macros\0.40.16\flexmark-ext-xwiki-macros-0.40.16.jar;C:\Users\Dell\.m2\repository\com\vladsch\flexmark\flexmark-ext-superscript\0.40.16\flexmark-ext-superscript-0.40.16.jar;C:\Users\Dell\.m2\repository\com\vladsch\flexmark\flexmark-ext-tables\0.40.16\flexmark-ext-tables-0.40.16.jar;C:\Users\Dell\.m2\repository\com\vladsch\flexmark\flexmark-ext-toc\0.40.16\flexmark-ext-toc-0.40.16.jar;C:\Users\Dell\.m2\repository\com\vladsch\flexmark\flexmark-ext-typographic\0.40.16\flexmark-ext-typographic-0.40.16.jar;C:\Users\Dell\.m2\repository\com\vladsch\flexmark\flexmark-ext-wikilink\0.40.16\flexmark-ext-wikilink-0.40.16.jar;C:\Users\Dell\.m2\repository\com\vladsch\flexmark\flexmark-ext-yaml-front-matter\0.40.16\flexmark-ext-yaml-front-matter-0.40.16.jar;C:\Users\Dell\.m2\repository\com\vladsch\flexmark\flexmark-ext-youtube-embedded\0.40.16\flexmark-ext-youtube-embedded-0.40.16.jar;C:\Users\Dell\.m2\repository\com\vladsch\flexmark\flexmark-formatter\0.40.16\flexmark-formatter-0.40.16.jar;C:\Users\Dell\.m2\repository\com\vladsch\flexmark\flexmark-html-parser\0.40.16\flexmark-html-parser-0.40.16.jar;C:\Users\Dell\.m2\repository\org\jsoup\jsoup\1.10.2\jsoup-1.10.2.jar;C:\Users\Dell\.m2\repository\com\vladsch\flexmark\flexmark-jira-converter\0.40.16\flexmark-jira-converter-0.40.16.jar;C:\Users\Dell\.m2\repository\com\vladsch\flexmark\flexmark-pdf-converter\0.40.16\flexmark-pdf-converter-0.40.16.jar;C:\Users\Dell\.m2\repository\com\openhtmltopdf\openhtmltopdf-core\0.0.1-RC13\openhtmltopdf-core-0.0.1-RC13.jar;C:\Users\Dell\.m2\repository\com\openhtmltopdf\openhtmltopdf-pdfbox\0.0.1-RC13\openhtmltopdf-pdfbox-0.0.1-RC13.jar;C:\Users\Dell\.m2\repository\org\apache\pdfbox\pdfbox\2.0.8\pdfbox-2.0.8.jar;C:\Users\Dell\.m2\repository\org\apache\pdfbox\fontbox\2.0.8\fontbox-2.0.8.jar;C:\Users\Dell\.m2\repository\org\apache\pdfbox\xmpbox\2.0.8\xmpbox-2.0.8.jar;C:\Users\Dell\.m2\repository\de\rototor\pdfbox\graphics2d\0.12\graphics2d-0.12.jar;C:\Users\Dell\.m2\repository\com\openhtmltopdf\openhtmltopdf-rtl-support\0.0.1-RC13\openhtmltopdf-rtl-support-0.0.1-RC13.jar;C:\Users\Dell\.m2\repository\com\ibm\icu\icu4j\59.1\icu4j-59.1.jar;C:\Users\Dell\.m2\repository\com\openhtmltopdf\openhtmltopdf-jsoup-dom-converter\0.0.1-RC13\openhtmltopdf-jsoup-dom-converter-0.0.1-RC13.jar;C:\Users\Dell\.m2\repository\com\vladsch\flexmark\flexmark-profile-pegdown\0.40.16\flexmark-profile-pegdown-0.40.16.jar;C:\Users\Dell\.m2\repository\com\vladsch\flexmark\flexmark-util\0.40.16\flexmark-util-0.40.16.jar;C:\Users\Dell\.m2\repository\com\vladsch\flexmark\flexmark-youtrack-converter\0.40.16\flexmark-youtrack-converter-0.40.16.jar;C:\Users\Dell\.m2\repository\org\apache\maven\maven-aether-provider\3.3.9\maven-aether-provider-3.3.9.jar;C:\Users\Dell\.m2\repository\org\apache\maven\maven-model\3.3.9\maven-model-3.3.9.jar;C:\Users\Dell\.m2\repository\org\apache\maven\maven-model-builder\3.3.9\maven-model-builder-3.3.9.jar;C:\Users\Dell\.m2\repository\org\codehaus\plexus\plexus-interpolation\1.21\plexus-interpolation-1.21.jar;C:\Users\Dell\.m2\repository\org\apache\maven\maven-artifact\3.3.9\maven-artifact-3.3.9.jar;C:\Users\Dell\.m2\repository\org\apache\maven\maven-builder-support\3.3.9\maven-builder-support-3.3.9.jar;C:\Users\Dell\.m2\repository\org\apache\maven\maven-repository-metadata\3.3.9\maven-repository-metadata-3.3.9.jar;C:\Users\Dell\.m2\repository\org\codehaus\plexus\plexus-component-annotations\1.6\plexus-component-annotations-1.6.jar;C:\Users\Dell\.m2\repository\org\apache\commons\commons-lang3\3.4\commons-lang3-3.4.jar;C:\Users\Dell\.m2\repository\org\codehaus\plexus\plexus-component-api\1.0-alpha-33\plexus-component-api-1.0-alpha-33.jar;C:\Users\Dell\.m2\repository\org\codehaus\plexus\plexus-classworlds\1.2-alpha-10\plexus-classworlds-1.2-alpha-10.jar;C:\Users\Dell\.m2\repository\org\eclipse\aether\aether-api\1.1.0\aether-api-1.1.0.jar;C:\Users\Dell\.m2\repository\org\eclipse\aether\aether-connector-basic\1.1.0\aether-connector-basic-1.1.0.jar;C:\Users\Dell\.m2\repository\org\eclipse\aether\aether-impl\1.1.0\aether-impl-1.1.0.jar;C:\Users\Dell\.m2\repository\org\eclipse\aether\aether-spi\1.1.0\aether-spi-1.1.0.jar;C:\Users\Dell\.m2\repository\org\eclipse\aether\aether-transport-file\1.1.0\aether-transport-file-1.1.0.jar;C:\Users\Dell\.m2\repository\org\eclipse\aether\aether-util\1.1.0\aether-util-1.1.0.jar;C:\Users\Dell\.m2\repository\org\eclipse\aether\aether-transport-http\1.1.0\aether-transport-http-1.1.0.jar;C:\Users\Dell\.m2\repository\org\slf4j\jcl-over-slf4j\1.6.2\jcl-over-slf4j-1.6.2.jar;C:\Users\Dell\.m2\repository\org\codehaus\plexus\plexus-utils\3.0.24\plexus-utils-3.0.24.jar;C:\Users\Dell\.m2\repository\org\apache\httpcomponents\httpclient\4.5.4\httpclient-4.5.4.jar;C:\Users\Dell\.m2\repository\org\apache\httpcomponents\httpcore\4.4.7\httpcore-4.4.7.jar;C:\Users\Dell\.m2\repository\commons-logging\commons-logging\1.2\commons-logging-1.2.jar;C:\Users\Dell\.m2\repository\commons-codec\commons-codec\1.10\commons-codec-1.10.jar;C:\Users\Dell\.m2\repository\org\slf4j\slf4j-log4j12\1.7.25\slf4j-log4j12-1.7.25.jar;C:\Users\Dell\.m2\repository\log4j\log4j\1.2.17\log4j-1.2.17.jar;C:\Users\Dell\.m2\repository\com\github\raymanrt\orientqb\0.2.0\orientqb-0.2.0.jar;C:\Users\Dell\.m2\repository\org\orienteer\orienteer-core\1.4\orienteer-core-1.4-tests.jar;C:\Users\Dell\.m2\repository\ru\ydn\wicket\wicket-orientdb\wicket-orientdb\1.4\wicket-orientdb-1.4-tests.jar;C:\Users\Dell\.m2\repository\org\apache\wicket\wicket-auth-roles\8.3.0\wicket-auth-roles-8.3.0.jar;C:\Users\Dell\.m2\repository\com\google\guava\guava\24.1-jre\guava-24.1-jre.jar;C:\Users\Dell\.m2\repository\com\google\code\findbugs\jsr305\1.3.9\jsr305-1.3.9.jar;C:\Users\Dell\.m2\repository\org\checkerframework\checker-compat-qual\2.0.0\checker-compat-qual-2.0.0.jar;C:\Users\Dell\.m2\repository\com\google\errorprone\error_prone_annotations\2.1.3\error_prone_annotations-2.1.3.jar;C:\Users\Dell\.m2\repository\com\google\j2objc\j2objc-annotations\1.1\j2objc-annotations-1.1.jar;C:\Users\Dell\.m2\repository\org\codehaus\mojo\animal-sniffer-annotations\1.14\animal-sniffer-annotations-1.14.jar;C:\Users\Dell\.m2\repository\junit\junit\4.11\junit-4.11.jar;C:\Users\Dell\.m2\repository\org\hamcrest\hamcrest-core\1.3\hamcrest-core-1.3.jar;C:\Users\Dell\.m2\repository\javax\servlet\javax.servlet-api\3.0.1\javax.servlet-api-3.0.1.jar;"/>
    <property name="sun.cpu.endian" value="little"/>
    <property name="user.home" value="C:\Users\Dell"/>
    <property name="user.language" value="en"/>
    <property name="java.specification.vendor" value="Oracle Corporation"/>
    <property name="java.home" value="C:\Program Files\Java\jdk1.8.0_321\jre"/>
    <property name="basedir" value="E:\projects\icici\credit-card1"/>
    <property name="file.separator" value="\"/>
    <property name="line.separator" value="&#10;"/>
    <property name="java.vm.specification.vendor" value="Oracle Corporation"/>
    <property name="java.specification.name" value="Java Platform API Specification"/>
    <property name="java.awt.graphicsenv" value="sun.awt.Win32GraphicsEnvironment"/>
    <property name="surefire.real.class.path" value="C:\Users\Dell\AppData\Local\Temp\surefire5822794780201359667\surefirebooter1477724958729424759.jar"/>
    <property name="sun.boot.class.path" value="C:\Program Files\Java\jdk1.8.0_321\jre\lib\resources.jar;C:\Program Files\Java\jdk1.8.0_321\jre\lib\rt.jar;C:\Program Files\Java\jdk1.8.0_321\jre\lib\sunrsasign.jar;C:\Program Files\Java\jdk1.8.0_321\jre\lib\jsse.jar;C:\Program Files\Java\jdk1.8.0_321\jre\lib\jce.jar;C:\Program Files\Java\jdk1.8.0_321\jre\lib\charsets.jar;C:\Program Files\Java\jdk1.8.0_321\jre\lib\jfr.jar;C:\Program Files\Java\jdk1.8.0_321\jre\classes"/>
    <property name="user.script" value=""/>
    <property name="sun.management.compiler" value="HotSpot 64-Bit Tiered Compilers"/>
    <property name="java.runtime.version" value="1.8.0_321-b07"/>
    <property name="user.name" value="Dell"/>
    <property name="path.separator" value=";"/>
    <property name="os.version" value="10.0"/>
    <property name="java.endorsed.dirs" value="C:\Program Files\Java\jdk1.8.0_321\jre\lib\endorsed"/>
    <property name="java.runtime.name" value="Java(TM) SE Runtime Environment"/>
    <property name="file.encoding" value="Cp1252"/>
    <property name="java.vm.name" value="Java HotSpot(TM) 64-Bit Server VM"/>
    <property name="localRepository" value="C:\Users\Dell\.m2\repository"/>
    <property name="java.vendor.url.bug" value="http://bugreport.sun.com/bugreport/"/>
    <property name="java.io.tmpdir" value="C:\Users\Dell\AppData\Local\Temp\"/>
    <property name="orienteer.loader.repository.local" value="C:\Users\Dell\.m2\repository"/>
    <property name="java.version" value="1.8.0_321"/>
    <property name="user.dir" value="E:\projects\icici\credit-card1"/>
    <property name="os.arch" value="amd64"/>
    <property name="java.vm.specification.name" value="Java Virtual Machine Specification"/>
    <property name="java.awt.printerjob" value="sun.awt.windows.WPrinterJob"/>
    <property name="sun.os.patch.level" value=""/>
    <property name="java.library.path" value="C:\Program Files\Java\jdk1.8.0_321\jre\bin;C:\Windows\Sun\Java\bin;C:\Windows\system32;C:\Windows;C:\Program Files (x86)\Common Files\Oracle\Java\javapath;C:\Windows\system32;C:\Windows;C:\Windows\System32\Wbem;C:\Windows\System32\WindowsPowerShell\v1.0\;C:\Windows\System32\OpenSSH\;C:\Program Files\Git\cmd;E:\Devops tools\maven\apache-maven-3.6.3-bin\apache-maven-3.6.3\bin;C:\Program Files\Java\jdk1.8.0_321\bin;C:\Users\Dell\AppData\Local\Microsoft\WindowsApps;;C:\Users\Dell\AppData\Local\Programs\Microsoft VS Code\bin;."/>
    <property name="java.vm.info" value="mixed mode"/>
    <property name="java.vendor" value="Oracle Corporation"/>
    <property name="java.vm.version" value="25.321-b07"/>
    <property name="java.ext.dirs" value="C:\Program Files\Java\jdk1.8.0_321\jre\lib\ext;C:\Windows\Sun\Java\lib\ext"/>
    <property name="sun.io.unicode.encoding" value="UnicodeLittle"/>
    <property name="java.class.version" value="52.0"/>
  </properties>
  <testcase name="testModuleLoaded" classname="icici.TestModule" time="0.008"/>
</testsuite>